2018-03-30 09:12:57.662 WARN  org.elasticsearch.transport.netty4.Netty4InternalESLogger 149 warn -- Selector.select() returned prematurely 512 times in a row; rebuilding Selector sun.nio.ch.WindowsSelectorImpl@51fd6f0a.
2018-03-30 09:20:07.973 WARN  org.elasticsearch.transport.TcpTransport 1028 onException -- exception caught on transport layer [[id: 0xb63a8243, L:/127.0.0.1:56403 - R:127.0.0.1/127.0.0.1:9300]], closing connection java.io.IOException: 远程主机强迫关闭了一个现有的连接。
	at sun.nio.ch.SocketDispatcher.read0(Native Method) ~[?:1.8.0_111]
	at sun.nio.ch.SocketDispatcher.read(SocketDispatcher.java:43) ~[?:1.8.0_111]
	at sun.nio.ch.IOUtil.readIntoNativeBuffer(IOUtil.java:223) ~[?:1.8.0_111]
	at sun.nio.ch.IOUtil.read(IOUtil.java:197) ~[?:1.8.0_111]
	at sun.nio.ch.SocketChannelImpl.read(SocketChannelImpl.java:380) ~[?:1.8.0_111]
	at io.netty.buffer.PooledHeapByteBuf.setBytes(PooledHeapByteBuf.java:261) ~[netty-buffer-4.1.11.Final.jar:4.1.11.Final]
	at io.netty.buffer.AbstractByteBuf.writeBytes(AbstractByteBuf.java:1100) ~[netty-buffer-4.1.11.Final.jar:4.1.11.Final]
	at io.netty.channel.socket.nio.NioSocketChannel.doReadBytes(NioSocketChannel.java:372) ~[netty-transport-4.1.11.Final.jar:4.1.11.Final]
	at io.netty.channel.nio.AbstractNioByteChannel$NioByteUnsafe.read(AbstractNioByteChannel.java:123) [netty-transport-4.1.11.Final.jar:4.1.11.Final]
	at io.netty.channel.nio.NioEventLoop.processSelectedKey(NioEventLoop.java:644) [netty-transport-4.1.11.Final.jar:4.1.11.Final]
	at io.netty.channel.nio.NioEventLoop.processSelectedKeysPlain(NioEventLoop.java:544) [netty-transport-4.1.11.Final.jar:4.1.11.Final]
	at io.netty.channel.nio.NioEventLoop.processSelectedKeys(NioEventLoop.java:498) [netty-transport-4.1.11.Final.jar:4.1.11.Final]
	at io.netty.channel.nio.NioEventLoop.run(NioEventLoop.java:458) [netty-transport-4.1.11.Final.jar:4.1.11.Final]
	at io.netty.util.concurrent.SingleThreadEventExecutor$5.run(SingleThreadEventExecutor.java:858) [netty-common-4.1.11.Final.jar:4.1.11.Final]
	at java.lang.Thread.run(Thread.java:745) [?:1.8.0_111]

2018-03-30 09:35:35.144 WARN  org.mybatis.spring.mapper.ClassPathMapperScanner 166 doScan -- No MyBatis mapper was found in '[com.sc.jf.is.interfaces.mapper]' package. Please check your configuration.
2018-03-30 09:56:21.445 WARN  org.mybatis.spring.mapper.ClassPathMapperScanner 166 doScan -- No MyBatis mapper was found in '[com.sc.jf.is.interfaces.mapper]' package. Please check your configuration.
2018-03-30 09:57:49.575 WARN  org.mybatis.spring.mapper.ClassPathMapperScanner 166 doScan -- No MyBatis mapper was found in '[com.sc.jf.is.interfaces.mapper]' package. Please check your configuration.
2018-03-30 09:58:50.720 WARN  org.mybatis.spring.mapper.ClassPathMapperScanner 166 doScan -- No MyBatis mapper was found in '[com.sc.jf.is.interfaces.mapper]' package. Please check your configuration.
2018-03-30 10:18:42.157 WARN  org.mybatis.spring.mapper.ClassPathMapperScanner 166 doScan -- No MyBatis mapper was found in '[com.sc.jf.is.interfaces.mapper]' package. Please check your configuration.
2018-03-30 10:22:15.513 WARN  org.mybatis.spring.mapper.ClassPathMapperScanner 166 doScan -- No MyBatis mapper was found in '[com.sc.jf.is.interfaces.mapper]' package. Please check your configuration.
2018-03-30 10:27:07.804 WARN  org.mybatis.spring.mapper.ClassPathMapperScanner 166 doScan -- No MyBatis mapper was found in '[com.sc.jf.is.interfaces.mapper]' package. Please check your configuration.
2018-03-30 10:32:38.056 WARN  org.mybatis.spring.mapper.ClassPathMapperScanner 166 doScan -- No MyBatis mapper was found in '[com.sc.jf.is.interfaces.mapper]' package. Please check your configuration.
2018-03-30 11:08:57.820 WARN  org.mybatis.spring.mapper.ClassPathMapperScanner 166 doScan -- No MyBatis mapper was found in '[com.sc.jf.is.interfaces.mapper]' package. Please check your configuration.
2018-03-30 11:23:49.531 WARN  org.mybatis.spring.mapper.ClassPathMapperScanner 166 doScan -- No MyBatis mapper was found in '[com.sc.jf.is.interfaces.mapper]' package. Please check your configuration.
2018-03-30 11:28:28.985 WARN  org.mybatis.spring.mapper.ClassPathMapperScanner 166 doScan -- No MyBatis mapper was found in '[com.sc.jf.is.interfaces.mapper]' package. Please check your configuration.
2018-03-30 12:01:14.002 WARN  org.elasticsearch.transport.TcpTransport 1028 onException -- exception caught on transport layer [[id: 0x188a8cb2, L:/127.0.0.1:65407 - R:127.0.0.1/127.0.0.1:9300]], closing connection java.io.IOException: 远程主机强迫关闭了一个现有的连接。
	at sun.nio.ch.SocketDispatcher.read0(Native Method) ~[?:1.8.0_111]
	at sun.nio.ch.SocketDispatcher.read(SocketDispatcher.java:43) ~[?:1.8.0_111]
	at sun.nio.ch.IOUtil.readIntoNativeBuffer(IOUtil.java:223) ~[?:1.8.0_111]
	at sun.nio.ch.IOUtil.read(IOUtil.java:197) ~[?:1.8.0_111]
	at sun.nio.ch.SocketChannelImpl.read(SocketChannelImpl.java:380) ~[?:1.8.0_111]
	at io.netty.buffer.PooledHeapByteBuf.setBytes(PooledHeapByteBuf.java:261) ~[netty-buffer-4.1.11.Final.jar:4.1.11.Final]
	at io.netty.buffer.AbstractByteBuf.writeBytes(AbstractByteBuf.java:1100) ~[netty-buffer-4.1.11.Final.jar:4.1.11.Final]
	at io.netty.channel.socket.nio.NioSocketChannel.doReadBytes(NioSocketChannel.java:372) ~[netty-transport-4.1.11.Final.jar:4.1.11.Final]
	at io.netty.channel.nio.AbstractNioByteChannel$NioByteUnsafe.read(AbstractNioByteChannel.java:123) [netty-transport-4.1.11.Final.jar:4.1.11.Final]
	at io.netty.channel.nio.NioEventLoop.processSelectedKey(NioEventLoop.java:644) [netty-transport-4.1.11.Final.jar:4.1.11.Final]
	at io.netty.channel.nio.NioEventLoop.processSelectedKeysPlain(NioEventLoop.java:544) [netty-transport-4.1.11.Final.jar:4.1.11.Final]
	at io.netty.channel.nio.NioEventLoop.processSelectedKeys(NioEventLoop.java:498) [netty-transport-4.1.11.Final.jar:4.1.11.Final]
	at io.netty.channel.nio.NioEventLoop.run(NioEventLoop.java:458) [netty-transport-4.1.11.Final.jar:4.1.11.Final]
	at io.netty.util.concurrent.SingleThreadEventExecutor$5.run(SingleThreadEventExecutor.java:858) [netty-common-4.1.11.Final.jar:4.1.11.Final]
	at java.lang.Thread.run(Thread.java:745) [?:1.8.0_111]

2018-03-30 12:56:46.656 WARN  org.mybatis.spring.mapper.ClassPathMapperScanner 166 doScan -- No MyBatis mapper was found in '[com.sc.jf.is.interfaces.mapper]' package. Please check your configuration.
2018-03-30 13:01:52.930 WARN  org.mybatis.spring.mapper.ClassPathMapperScanner 166 doScan -- No MyBatis mapper was found in '[com.sc.jf.is.interfaces.mapper]' package. Please check your configuration.
2018-03-30 13:13:42.353 WARN  org.mybatis.spring.mapper.ClassPathMapperScanner 166 doScan -- No MyBatis mapper was found in '[com.sc.jf.is.interfaces.mapper]' package. Please check your configuration.
2018-03-30 13:17:11.385 WARN  org.mybatis.spring.mapper.ClassPathMapperScanner 166 doScan -- No MyBatis mapper was found in '[com.sc.jf.is.interfaces.mapper]' package. Please check your configuration.
2018-03-30 13:19:31.957 WARN  org.mybatis.spring.mapper.ClassPathMapperScanner 166 doScan -- No MyBatis mapper was found in '[com.sc.jf.is.interfaces.mapper]' package. Please check your configuration.
2018-03-30 13:51:08.980 WARN  org.mybatis.spring.mapper.ClassPathMapperScanner 166 doScan -- No MyBatis mapper was found in '[com.sc.jf.is.interfaces.mapper]' package. Please check your configuration.
2018-03-30 13:55:55.364 WARN  org.mybatis.spring.mapper.ClassPathMapperScanner 166 doScan -- No MyBatis mapper was found in '[com.sc.jf.is.interfaces.mapper]' package. Please check your configuration.
2018-03-30 14:01:43.550 WARN  org.mybatis.spring.mapper.ClassPathMapperScanner 166 doScan -- No MyBatis mapper was found in '[com.sc.jf.is.interfaces.mapper]' package. Please check your configuration.
2018-03-30 14:15:01.071 WARN  org.mybatis.spring.mapper.ClassPathMapperScanner 166 doScan -- No MyBatis mapper was found in '[com.sc.jf.is.interfaces.mapper]' package. Please check your configuration.
2018-03-30 14:15:26.347 WARN  org.springframework.context.support.AbstractApplicationContext 557 refresh -- Exception encountered during context initialization - cancelling refresh attempt: org.springframework.beans.factory.UnsatisfiedDependencyException: Error creating bean with name 'esHandleDao': Unsatisfied dependency expressed through field 'elasticsearchTemplate'; nested exception is org.springframework.beans.factory.BeanCreationException: Error creating bean with name 'elasticsearchTemplate' defined in class path resource [spring-data-es.xml]: Cannot resolve reference to bean 'client' while setting constructor argument; nested exception is org.springframework.beans.factory.BeanCreationException: Error creating bean with name 'client': Invocation of init method failed; nested exception is java.lang.IllegalStateException: failed to create a child event loop
2018-03-30 14:17:13.428 WARN  org.mybatis.spring.mapper.ClassPathMapperScanner 166 doScan -- No MyBatis mapper was found in '[com.sc.jf.is.interfaces.mapper]' package. Please check your configuration.
2018-03-30 14:39:27.824 WARN  org.mybatis.spring.mapper.ClassPathMapperScanner 166 doScan -- No MyBatis mapper was found in '[com.sc.jf.is.interfaces.mapper]' package. Please check your configuration.
2018-03-30 14:47:00.713 WARN  org.mybatis.spring.mapper.ClassPathMapperScanner 166 doScan -- No MyBatis mapper was found in '[com.sc.jf.is.interfaces.mapper]' package. Please check your configuration.
2018-03-30 14:49:08.666 WARN  org.mybatis.spring.mapper.ClassPathMapperScanner 166 doScan -- No MyBatis mapper was found in '[com.sc.jf.is.interfaces.mapper]' package. Please check your configuration.
2018-03-30 14:59:19.280 WARN  org.mybatis.spring.mapper.ClassPathMapperScanner 166 doScan -- No MyBatis mapper was found in '[com.sc.jf.is.interfaces.mapper]' package. Please check your configuration.
2018-03-30 14:59:44.709 WARN  org.springframework.context.support.AbstractApplicationContext 557 refresh -- Exception encountered during context initialization - cancelling refresh attempt: org.springframework.beans.factory.UnsatisfiedDependencyException: Error creating bean with name 'esHandleDao': Unsatisfied dependency expressed through field 'elasticsearchTemplate'; nested exception is org.springframework.beans.factory.BeanCreationException: Error creating bean with name 'elasticsearchTemplate' defined in class path resource [spring-data-es.xml]: Cannot resolve reference to bean 'client' while setting constructor argument; nested exception is org.springframework.beans.factory.BeanCreationException: Error creating bean with name 'client': Invocation of init method failed; nested exception is java.lang.IllegalStateException: failed to create a child event loop
2018-03-30 15:00:00.686 WARN  org.mybatis.spring.mapper.ClassPathMapperScanner 166 doScan -- No MyBatis mapper was found in '[com.sc.jf.is.interfaces.mapper]' package. Please check your configuration.
2018-03-30 15:00:44.793 WARN  org.mybatis.spring.mapper.ClassPathMapperScanner 166 doScan -- No MyBatis mapper was found in '[com.sc.jf.is.interfaces.mapper]' package. Please check your configuration.
2018-03-30 15:01:10.526 WARN  org.springframework.context.support.AbstractApplicationContext 557 refresh -- Exception encountered during context initialization - cancelling refresh attempt: org.springframework.beans.factory.UnsatisfiedDependencyException: Error creating bean with name 'esHandleDao': Unsatisfied dependency expressed through field 'elasticsearchTemplate'; nested exception is org.springframework.beans.factory.BeanCreationException: Error creating bean with name 'elasticsearchTemplate' defined in class path resource [spring-data-es.xml]: Cannot resolve reference to bean 'client' while setting constructor argument; nested exception is org.springframework.beans.factory.BeanCreationException: Error creating bean with name 'client': Invocation of init method failed; nested exception is java.lang.IllegalStateException: failed to create a child event loop
2018-03-30 15:02:22.174 WARN  org.mybatis.spring.mapper.ClassPathMapperScanner 166 doScan -- No MyBatis mapper was found in '[com.sc.jf.is.interfaces.mapper]' package. Please check your configuration.
2018-03-30 15:02:47.459 WARN  org.springframework.context.support.AbstractApplicationContext 557 refresh -- Exception encountered during context initialization - cancelling refresh attempt: org.springframework.beans.factory.UnsatisfiedDependencyException: Error creating bean with name 'esHandleDao': Unsatisfied dependency expressed through field 'elasticsearchTemplate'; nested exception is org.springframework.beans.factory.BeanCreationException: Error creating bean with name 'elasticsearchTemplate' defined in class path resource [spring-data-es.xml]: Cannot resolve reference to bean 'client' while setting constructor argument; nested exception is org.springframework.beans.factory.BeanCreationException: Error creating bean with name 'client': Invocation of init method failed; nested exception is java.lang.IllegalStateException: failed to create a child event loop
2018-03-30 15:04:27.727 WARN  org.mybatis.spring.mapper.ClassPathMapperScanner 166 doScan -- No MyBatis mapper was found in '[com.sc.jf.is.interfaces.mapper]' package. Please check your configuration.
2018-03-30 15:10:20.104 WARN  org.mybatis.spring.mapper.ClassPathMapperScanner 166 doScan -- No MyBatis mapper was found in '[com.sc.jf.is.interfaces.mapper]' package. Please check your configuration.
2018-03-30 15:13:20.009 WARN  org.mybatis.spring.mapper.ClassPathMapperScanner 166 doScan -- No MyBatis mapper was found in '[com.sc.jf.is.interfaces.mapper]' package. Please check your configuration.
2018-03-30 15:15:14.886 WARN  org.mybatis.spring.mapper.ClassPathMapperScanner 166 doScan -- No MyBatis mapper was found in '[com.sc.jf.is.interfaces.mapper]' package. Please check your configuration.
2018-03-30 15:18:09.443 WARN  org.mybatis.spring.mapper.ClassPathMapperScanner 166 doScan -- No MyBatis mapper was found in '[com.sc.jf.is.interfaces.mapper]' package. Please check your configuration.
2018-03-30 15:34:12.748 WARN  org.mybatis.spring.mapper.ClassPathMapperScanner 166 doScan -- No MyBatis mapper was found in '[com.sc.jf.is.interfaces.mapper]' package. Please check your configuration.
2018-03-30 15:47:00.552 WARN  org.mybatis.spring.mapper.ClassPathMapperScanner 166 doScan -- No MyBatis mapper was found in '[com.sc.jf.is.interfaces.mapper]' package. Please check your configuration.
