2018-03-15 11:28:03.683 INFO  org.elasticsearch.plugins.PluginsService 175 logPluginInfo -- no modules loaded
2018-03-15 11:28:03.743 INFO  org.elasticsearch.plugins.PluginsService 178 logPluginInfo -- loaded plugin [org.elasticsearch.index.reindex.ReindexPlugin]
2018-03-15 11:28:03.743 INFO  org.elasticsearch.plugins.PluginsService 178 logPluginInfo -- loaded plugin [org.elasticsearch.join.ParentJoinPlugin]
2018-03-15 11:28:03.743 INFO  org.elasticsearch.plugins.PluginsService 178 logPluginInfo -- loaded plugin [org.elasticsearch.percolator.PercolatorPlugin]
2018-03-15 11:28:03.744 INFO  org.elasticsearch.plugins.PluginsService 178 logPluginInfo -- loaded plugin [org.elasticsearch.script.mustache.MustachePlugin]
2018-03-15 11:28:03.744 INFO  org.elasticsearch.plugins.PluginsService 178 logPluginInfo -- loaded plugin [org.elasticsearch.transport.Netty3Plugin]
2018-03-15 11:28:03.744 INFO  org.elasticsearch.plugins.PluginsService 178 logPluginInfo -- loaded plugin [org.elasticsearch.transport.Netty4Plugin]
2018-03-15 12:58:39.464 INFO  org.elasticsearch.plugins.PluginsService 175 logPluginInfo -- no modules loaded
2018-03-15 12:58:39.524 INFO  org.elasticsearch.plugins.PluginsService 178 logPluginInfo -- loaded plugin [org.elasticsearch.index.reindex.ReindexPlugin]
2018-03-15 12:58:39.525 INFO  org.elasticsearch.plugins.PluginsService 178 logPluginInfo -- loaded plugin [org.elasticsearch.join.ParentJoinPlugin]
2018-03-15 12:58:39.525 INFO  org.elasticsearch.plugins.PluginsService 178 logPluginInfo -- loaded plugin [org.elasticsearch.percolator.PercolatorPlugin]
2018-03-15 12:58:39.525 INFO  org.elasticsearch.plugins.PluginsService 178 logPluginInfo -- loaded plugin [org.elasticsearch.script.mustache.MustachePlugin]
2018-03-15 12:58:39.525 INFO  org.elasticsearch.plugins.PluginsService 178 logPluginInfo -- loaded plugin [org.elasticsearch.transport.Netty3Plugin]
2018-03-15 12:58:39.526 INFO  org.elasticsearch.plugins.PluginsService 178 logPluginInfo -- loaded plugin [org.elasticsearch.transport.Netty4Plugin]
2018-03-15 12:59:38.634 INFO  org.elasticsearch.plugins.PluginsService 175 logPluginInfo -- no modules loaded
2018-03-15 12:59:38.653 INFO  org.elasticsearch.plugins.PluginsService 178 logPluginInfo -- loaded plugin [org.elasticsearch.index.reindex.ReindexPlugin]
2018-03-15 12:59:38.654 INFO  org.elasticsearch.plugins.PluginsService 178 logPluginInfo -- loaded plugin [org.elasticsearch.join.ParentJoinPlugin]
2018-03-15 12:59:38.655 INFO  org.elasticsearch.plugins.PluginsService 178 logPluginInfo -- loaded plugin [org.elasticsearch.percolator.PercolatorPlugin]
2018-03-15 12:59:38.655 INFO  org.elasticsearch.plugins.PluginsService 178 logPluginInfo -- loaded plugin [org.elasticsearch.script.mustache.MustachePlugin]
2018-03-15 12:59:38.656 INFO  org.elasticsearch.plugins.PluginsService 178 logPluginInfo -- loaded plugin [org.elasticsearch.transport.Netty3Plugin]
2018-03-15 12:59:38.657 INFO  org.elasticsearch.plugins.PluginsService 178 logPluginInfo -- loaded plugin [org.elasticsearch.transport.Netty4Plugin]
2018-03-15 13:01:33.064 INFO  org.elasticsearch.plugins.PluginsService 175 logPluginInfo -- no modules loaded
2018-03-15 13:01:33.083 INFO  org.elasticsearch.plugins.PluginsService 178 logPluginInfo -- loaded plugin [org.elasticsearch.index.reindex.ReindexPlugin]
2018-03-15 13:01:33.084 INFO  org.elasticsearch.plugins.PluginsService 178 logPluginInfo -- loaded plugin [org.elasticsearch.join.ParentJoinPlugin]
2018-03-15 13:01:33.084 INFO  org.elasticsearch.plugins.PluginsService 178 logPluginInfo -- loaded plugin [org.elasticsearch.percolator.PercolatorPlugin]
2018-03-15 13:01:33.085 INFO  org.elasticsearch.plugins.PluginsService 178 logPluginInfo -- loaded plugin [org.elasticsearch.script.mustache.MustachePlugin]
2018-03-15 13:01:33.086 INFO  org.elasticsearch.plugins.PluginsService 178 logPluginInfo -- loaded plugin [org.elasticsearch.transport.Netty3Plugin]
2018-03-15 13:01:33.086 INFO  org.elasticsearch.plugins.PluginsService 178 logPluginInfo -- loaded plugin [org.elasticsearch.transport.Netty4Plugin]
2018-03-15 13:05:02.344 INFO  org.elasticsearch.plugins.PluginsService 175 logPluginInfo -- no modules loaded
2018-03-15 13:05:02.363 INFO  org.elasticsearch.plugins.PluginsService 178 logPluginInfo -- loaded plugin [org.elasticsearch.index.reindex.ReindexPlugin]
2018-03-15 13:05:02.364 INFO  org.elasticsearch.plugins.PluginsService 178 logPluginInfo -- loaded plugin [org.elasticsearch.join.ParentJoinPlugin]
2018-03-15 13:05:02.364 INFO  org.elasticsearch.plugins.PluginsService 178 logPluginInfo -- loaded plugin [org.elasticsearch.percolator.PercolatorPlugin]
2018-03-15 13:05:02.365 INFO  org.elasticsearch.plugins.PluginsService 178 logPluginInfo -- loaded plugin [org.elasticsearch.script.mustache.MustachePlugin]
2018-03-15 13:05:02.365 INFO  org.elasticsearch.plugins.PluginsService 178 logPluginInfo -- loaded plugin [org.elasticsearch.transport.Netty3Plugin]
2018-03-15 13:05:02.366 INFO  org.elasticsearch.plugins.PluginsService 178 logPluginInfo -- loaded plugin [org.elasticsearch.transport.Netty4Plugin]
2018-03-15 13:15:05.491 INFO  org.elasticsearch.plugins.PluginsService 175 logPluginInfo -- no modules loaded
2018-03-15 13:15:05.496 INFO  org.elasticsearch.plugins.PluginsService 178 logPluginInfo -- loaded plugin [org.elasticsearch.index.reindex.ReindexPlugin]
2018-03-15 13:15:05.497 INFO  org.elasticsearch.plugins.PluginsService 178 logPluginInfo -- loaded plugin [org.elasticsearch.join.ParentJoinPlugin]
2018-03-15 13:15:05.497 INFO  org.elasticsearch.plugins.PluginsService 178 logPluginInfo -- loaded plugin [org.elasticsearch.percolator.PercolatorPlugin]
2018-03-15 13:15:05.497 INFO  org.elasticsearch.plugins.PluginsService 178 logPluginInfo -- loaded plugin [org.elasticsearch.script.mustache.MustachePlugin]
2018-03-15 13:15:05.498 INFO  org.elasticsearch.plugins.PluginsService 178 logPluginInfo -- loaded plugin [org.elasticsearch.transport.Netty3Plugin]
2018-03-15 13:15:05.498 INFO  org.elasticsearch.plugins.PluginsService 178 logPluginInfo -- loaded plugin [org.elasticsearch.transport.Netty4Plugin]
2018-03-15 13:19:14.791 INFO  org.springframework.test.context.support.AbstractTestContextBootstrapper 257 getDefaultTestExecutionListenerClassNames -- Loaded default TestExecutionListener class names from location [META-INF/spring.factories]: [org.springframework.test.context.web.ServletTestExecutionListener, org.springframework.test.context.support.DirtiesContextBeforeModesTestExecutionListener, org.springframework.test.context.support.DependencyInjectionTestExecutionListener, org.springframework.test.context.support.DirtiesContextTestExecutionListener, org.springframework.test.context.transaction.TransactionalTestExecutionListener, org.springframework.test.context.jdbc.SqlScriptsTestExecutionListener]
2018-03-15 13:19:14.804 INFO  org.springframework.test.context.support.AbstractTestContextBootstrapper 184 getTestExecutionListeners -- Using TestExecutionListeners: [org.springframework.test.context.web.ServletTestExecutionListener@4135c3b, org.springframework.test.context.support.DirtiesContextBeforeModesTestExecutionListener@6302bbb1, org.springframework.test.context.support.DependencyInjectionTestExecutionListener@31304f14, org.springframework.test.context.support.DirtiesContextTestExecutionListener@34a3d150, org.springframework.test.context.transaction.TransactionalTestExecutionListener@2a4fb17b, org.springframework.test.context.jdbc.SqlScriptsTestExecutionListener@5c6648b0]
2018-03-15 13:19:14.892 INFO  org.springframework.beans.factory.xml.XmlBeanDefinitionReader 316 loadBeanDefinitions -- Loading XML bean definitions from class path resource [spring-config.xml]
2018-03-15 13:19:15.140 INFO  org.springframework.beans.factory.xml.XmlBeanDefinitionReader 316 loadBeanDefinitions -- Loading XML bean definitions from class path resource [spring-data-es.xml]
2018-03-15 13:19:15.225 INFO  org.springframework.context.support.AbstractApplicationContext 589 prepareRefresh -- Refreshing org.springframework.context.support.GenericApplicationContext@6f03482: startup date [Thu Mar 15 13:19:15 CST 2018]; root of context hierarchy
2018-03-15 13:19:16.577 INFO  org.elasticsearch.plugins.PluginsService 175 logPluginInfo -- no modules loaded
2018-03-15 13:19:16.579 INFO  org.elasticsearch.plugins.PluginsService 178 logPluginInfo -- loaded plugin [org.elasticsearch.index.reindex.ReindexPlugin]
2018-03-15 13:19:16.579 INFO  org.elasticsearch.plugins.PluginsService 178 logPluginInfo -- loaded plugin [org.elasticsearch.join.ParentJoinPlugin]
2018-03-15 13:19:16.579 INFO  org.elasticsearch.plugins.PluginsService 178 logPluginInfo -- loaded plugin [org.elasticsearch.percolator.PercolatorPlugin]
2018-03-15 13:19:16.579 INFO  org.elasticsearch.plugins.PluginsService 178 logPluginInfo -- loaded plugin [org.elasticsearch.script.mustache.MustachePlugin]
2018-03-15 13:19:16.580 INFO  org.elasticsearch.plugins.PluginsService 178 logPluginInfo -- loaded plugin [org.elasticsearch.transport.Netty3Plugin]
2018-03-15 13:19:16.580 INFO  org.elasticsearch.plugins.PluginsService 178 logPluginInfo -- loaded plugin [org.elasticsearch.transport.Netty4Plugin]
2018-03-15 13:19:27.135 INFO  org.springframework.context.support.AbstractApplicationContext 989 doClose -- Closing org.springframework.context.support.GenericApplicationContext@6f03482: startup date [Thu Mar 15 13:19:15 CST 2018]; root of context hierarchy
